


ARM Macro Assembler    Page 1 


    1 00000000         ;OS.s
    2 00000000         ;Runs on TM4C123
    3 00000000         ;A software low level component that used OS context swi
                       txhing.
    4 00000000         ;Hossam Elfakher Hassan
    5 00000000         ;Oct, 2019
    6 00000000         
    7 00000000         ;Copyright 2019 by Hossam Elfakher Hassan, hossamalfakhe
                       r2@gmail.com
    8 00000000         ;  You may use, edit, run or distribute this file
    9 00000000         ;  as long as the above copyright notice remains
   10 00000000         
   11 00000000                 AREA             |.text|, CODE, READONLY, ALIGN=
2
   12 00000000                 THUMB
   13 00000000                 REQUIRE8
   14 00000000                 PRESERVE8
   15 00000000         
   16 00000000                 extern           RunTh       ;current running th
                                                            read
   17 00000000                 export           SysTick_Handler
   18 00000000                 export           OS_Launch
   19 00000000                 import           Dispatcher
   20 00000000                 export           Enter_Critical_Section
   21 00000000                 export           Exit_Critical_Section
   22 00000000         
   23 00000000         Enter_Critical_Section
   24 00000000 B672            CPSID            I
   25 00000002 4770            BX               LR
   26 00000004         
   27 00000004         Exit_Critical_Section
   28 00000004 B662            CPSIE            I
   29 00000006 4770            BX               LR
   30 00000008         
   31 00000008         
   32 00000008         OS_Launch
   33 00000008 B672            CPSID            I
   34 0000000A 4810            LDR              R0,=RunTh   ;Load base address 
                                                            of RunTh pointer
   35 0000000C 6801            LDR              R1,[R0]     ;RunTh->stack point
                                                            er
   36 0000000E F8D1 D000       LDR              SP, [R1]    ;Move the content o
                                                            f thread stack poin
                                                            ter to SP
   37 00000012 E8BD 1FFF       POP              {R0-R12}    ;Moving stack point
                                                            er till reach the P
                                                            C location
   38 00000016 F85D EB04       POP              {LR}        ;To discard the ret
                                                            urn address of call
                                                            ing function at tha
                                                            t time
   39 0000001A F85D EB04       POP              {LR}        ;Load Link Register
                                                             with the content o
                                                            f the Initialized P
                                                            C adress
   40 0000001E BC20            POP              {R5}        ;Discard the top of
                                                             the thread stack
   41 00000020 B662            CPSIE            I
   42 00000022 4770            BX               LR          ;Back to run the fi



ARM Macro Assembler    Page 2 


                                                            rst thread
   43 00000024         
   44 00000024         SysTick_Handler
   45 00000024 B672            CPSID            I
   46 00000026 E92D 0FF0       PUSH             {R4-R11}
   47 0000002A 4808            LDR              R0,=RunTh   ;Load base address 
                                                            of RunTh pointer
   48 0000002C 6801            LDR              R1,[R0]     ;RunTh->stack point
                                                            er
   49 0000002E F8C1 D000       STR              SP, [R1]    ;Store stack pointe
                                                            r of the old thread
                                                            
   50 00000032 B501            PUSH             {R0,LR}
   51 00000034 F7FF FFFE       BL               Dispatcher  ;Get the next SP of
                                                             ready thread
   52 00000038 E8BD 4001       POP              {R0,LR}
   53 0000003C 6801            LDR              R1, [R0]
   54 0000003E F8D1 D000       LDR              SP, [R1]
   55 00000042 E8BD 0FF0       POP              {R4-R11}    ;Retreive registers
                                                             of the ready run t
                                                            hread.
   56 00000046 B662            CPSIE            I
   57 00000048 4770            BX               LR
   58 0000004A         
   59 0000004A 00 00           ALIGN
   60 0000004C                 END
              00000000 
Command Line: --debug --xref --diag_suppress=9931 --cpu=Cortex-M4.fp --apcs=int
erwork --depend=.\objects\os_1.d -o.\objects\os_1.o -I.\RTE\_src -IC:\Users\Hos
am\AppData\Local\Arm\Packs\Keil\TM4C_DFP\1.1.0\Device\Include\TM4C123 -IC:\Keil
_v5\ARM\CMSIS\Include --predefine="__EVAL SETA 1" --predefine="__UVISION_VERSIO
N SETA 527" --predefine="_RTE_ SETA 1" --predefine="TM4C123GH6PM SETA 1" --list
=.\listings\os.lst OS.s



ARM Macro Assembler    Page 1 Alphabetic symbol ordering
Relocatable symbols

.text 00000000

Symbol: .text
   Definitions
      At line 11 in file OS.s
   Uses
      None
Comment: .text unused
Enter_Critical_Section 00000000

Symbol: Enter_Critical_Section
   Definitions
      At line 23 in file OS.s
   Uses
      At line 20 in file OS.s
Comment: Enter_Critical_Section used once
Exit_Critical_Section 00000004

Symbol: Exit_Critical_Section
   Definitions
      At line 27 in file OS.s
   Uses
      At line 21 in file OS.s
Comment: Exit_Critical_Section used once
OS_Launch 00000008

Symbol: OS_Launch
   Definitions
      At line 32 in file OS.s
   Uses
      At line 18 in file OS.s
Comment: OS_Launch used once
SysTick_Handler 00000024

Symbol: SysTick_Handler
   Definitions
      At line 44 in file OS.s
   Uses
      At line 17 in file OS.s
Comment: SysTick_Handler used once
5 symbols



ARM Macro Assembler    Page 1 Alphabetic symbol ordering
External symbols

Dispatcher 00000000

Symbol: Dispatcher
   Definitions
      At line 19 in file OS.s
   Uses
      At line 51 in file OS.s
Comment: Dispatcher used once
RunTh 00000000

Symbol: RunTh
   Definitions
      At line 16 in file OS.s
   Uses
      At line 34 in file OS.s
      At line 47 in file OS.s

2 symbols
344 symbols in table
